2022-11-29 12:30:02
2022-11-29 12:30:24
2022-11-29 12:30:28
2022-11-29 12:30:30
2022-11-29 12:30:30
2022-11-29 12:30:31
2022-11-29 12:30:32
2022-11-29 12:30:32
2022-11-29 12:30:33
2022-11-29 12:32:27 started testRabbitMQServer
2022-12-10 16:22:56 started testRabbitMQServer
2022-12-10 16:34:25 started testRabbitMQServer
2022-12-10 16:35:57 started testRabbitMQServer
2022-12-10 16:36:03 started testRabbitMQServer
2022-12-10 16:36:05 started testRabbitMQServer
2022-12-10 16:36:07 started testRabbitMQServer
2022-12-10 16:36:08 started testRabbitMQServer
2022-12-10 16:36:09 started testRabbitMQServer
2022-12-10 16:36:11 started testRabbitMQServer
2022-12-10 16:36:15 started testRabbitMQServer
2022-12-10 16:36:17 started testRabbitMQServer
2022-12-10 16:36:23 started testRabbitMQServer
2022-12-10 16:36:25 started testRabbitMQServer
2022-12-10 16:36:26 started testRabbitMQServer
2022-12-10 16:36:28 started testRabbitMQServer
2022-12-10 16:37:08 started testRabbitMQServer
2022-12-10 16:37:25 started testRabbitMQServer
2022-12-10 16:37:27 started testRabbitMQServer
2022-12-10 16:37:31 started testRabbitMQServer
2022-12-10 16:37:31 started testRabbitMQServer
2022-12-10 16:37:32 started testRabbitMQServer
2022-12-10 16:37:33 started testRabbitMQServer
2022-12-10 16:37:34 started testRabbitMQServer
2022-12-10 16:37:34 started testRabbitMQServer
2022-12-10 16:37:37 started testRabbitMQServer
2022-12-10 16:37:38 started testRabbitMQServer
2022-12-10 16:37:38 started testRabbitMQServer
2022-12-10 16:37:39 started testRabbitMQServer
2022-12-10 16:37:39 started testRabbitMQServer
2022-12-10 16:37:39 started testRabbitMQServer
2022-12-10 16:37:40 started testRabbitMQServer
2022-12-10 16:37:41 started testRabbitMQServer
2022-12-10 16:37:41 started testRabbitMQServer
2022-12-10 16:37:42 started testRabbitMQServer
2022-12-10 16:37:42 started testRabbitMQServer
2022-12-10 16:37:43 started testRabbitMQServer
2022-12-10 16:37:43 started testRabbitMQServer
2022-12-10 16:37:47 started testRabbitMQServer
2022-12-10 16:37:48 started testRabbitMQServer
2022-12-10 16:37:49 started testRabbitMQServer
2022-12-10 16:37:49 started testRabbitMQServer
2022-12-10 16:37:50 started testRabbitMQServer
2022-12-10 16:37:50 started testRabbitMQServer
2022-12-10 16:37:51 started testRabbitMQServer
2022-12-10 16:37:51 started testRabbitMQServer
2022-12-10 16:37:52 started testRabbitMQServer
2022-12-10 16:37:55 started testRabbitMQServer
2022-12-10 16:37:56 started testRabbitMQServer
2022-12-10 16:37:57 started testRabbitMQServer
2022-12-10 16:37:57 started testRabbitMQServer
2022-12-10 16:37:58 started testRabbitMQServer
2022-12-10 16:37:58 started testRabbitMQServer
2022-12-10 16:37:59 started testRabbitMQServer
2022-12-10 16:38:00 started testRabbitMQServer
2022-12-10 16:38:00 started testRabbitMQServer
2022-12-10 16:38:01 started testRabbitMQServer
2022-12-10 16:38:02 started testRabbitMQServer
2022-12-10 16:38:02 started testRabbitMQServer
2022-12-10 16:38:03 started testRabbitMQServer
2022-12-10 16:38:04 started testRabbitMQServer
2022-12-10 16:38:04 started testRabbitMQServer
2022-12-10 16:38:05 started testRabbitMQServer
2022-12-10 16:38:06 started testRabbitMQServer
2022-12-10 16:38:06 started testRabbitMQServer
2022-12-10 16:38:07 started testRabbitMQServer
2022-12-10 16:38:08 started testRabbitMQServer
2022-12-10 16:38:09 started testRabbitMQServer
2022-12-10 16:38:09 started testRabbitMQServer
2022-12-10 16:38:10 started testRabbitMQServer
2022-12-10 16:38:54 started testRabbitMQServer
2022-12-10 16:38:55 started testRabbitMQServer
2022-12-10 16:38:57 started testRabbitMQServer
2022-12-10 16:39:53 started testRabbitMQServer
2022-12-10 16:41:15 started testRabbitMQServer
2022-12-10 16:41:18 started testRabbitMQServer
2022-12-10 16:41:18 started testRabbitMQServer
2022-12-10 16:41:21 started testRabbitMQServer
2022-12-10 16:41:23 started testRabbitMQServer
2022-12-10 16:41:24 started testRabbitMQServer
2022-12-10 16:41:55 started testRabbitMQServer
2022-12-10 16:41:58 started testRabbitMQServer
2022-12-10 16:41:58 started testRabbitMQServer
2022-12-10 16:41:59 started testRabbitMQServer
2022-12-10 16:42:00 started testRabbitMQServer
2022-12-10 16:42:02 started testRabbitMQServer
2022-12-10 16:42:05 started testRabbitMQServer
2022-12-10 16:42:06 started testRabbitMQServer
2022-12-10 16:42:44 started testRabbitMQServer
2022-12-10 16:43:24 started testRabbitMQServer
2022-12-10 16:43:26 started testRabbitMQServer
2022-12-10 16:43:27 started testRabbitMQServer
2022-12-10 16:43:28 started testRabbitMQServer
2022-12-10 16:44:39 started testRabbitMQServer
2022-12-10 16:46:49 started testRabbitMQServer
2022-12-10 16:47:12 started testRabbitMQServer
2022-12-10 16:48:40 started testRabbitMQServer
2022-12-10 16:48:53 started testRabbitMQServer
2022-12-10 16:50:49 started testRabbitMQServer
2022-12-10 16:52:31 started testRabbitMQServer
2022-12-10 16:52:50 started testRabbitMQServer
2022-12-10 16:54:44 started testRabbitMQServer
2022-12-10 16:56:01 started testRabbitMQServer
2022-12-10 16:58:50 started testRabbitMQServer
2022-12-10 17:08:23 started testRabbitMQServer
2022-12-10 17:10:44 started testRabbitMQServer
2022-12-10 17:12:09 started testRabbitMQServer
2022-12-10 17:13:35 started testRabbitMQServer
2022-12-10 17:13:50 started testRabbitMQServer
2022-12-10 17:13:50 received request from client with request type: ping
2022-12-10 17:14:48 received request from client with request type: ping
2022-12-10 17:15:52 received request from client with request type: get_friends
2022-12-10 17:16:56 received request from client with request type: get_friends
2022-12-10 17:17:44 received request from client with request type: get_friends
2022-12-10 17:22:01 started testRabbitMQServer
2022-12-10 17:22:15 received request from client with request type: get_friends
2022-12-10 17:22:48 received request from client with request type: get_friends
2022-12-10 17:22:51 started testRabbitMQServer
2022-12-10 17:22:54 received request from client with request type: get_friends
2022-12-10 17:23:03 received request from client with request type: get_friends
2022-12-10 17:23:24 received request from client with request type: get_friends
2022-12-10 17:23:27 started testRabbitMQServer
2022-12-10 17:23:31 received request from client with request type: get_friends
2022-12-10 17:23:44 received request from client with request type: get_friends
2022-12-10 17:24:01 received request from client with request type: get_friends
2022-12-10 17:24:09 received request from client with request type: get_friends
2022-12-10 17:29:02 received request from client with request type: ping
2022-12-10 17:40:11 ERROR: unsupported message type
2022-12-10 17:40:11 received request from client with request type: new_user
2022-12-10 17:41:35 ERROR: unsupported message type
2022-12-10 17:41:35 received request from client with request type: new_user
2022-12-10 17:42:52 ERROR: unsupported message type
2022-12-10 17:43:20 ERROR: unsupported message type
2022-12-10 17:43:38 ERROR: unsupported message type
2022-12-10 17:43:38 received request from client with request type: new_user
2022-12-10 17:47:41 received request from client with request type: login
2022-12-10 17:47:41 ERROR: unsupported message type
2022-12-10 17:49:24 received request from client with request type: login
2022-12-10 17:50:47 received request from client with request type: login
2022-12-10 17:51:34 received request from client with request type: login
2022-12-10 17:55:57 started testRabbitMQServer
2022-12-10 17:56:20 received request from client with request type: login
2022-12-10 18:01:16 received request from client with request type: login
2022-12-10 18:08:58 ERROR: unsupported message type
2022-12-13 00:03:48 started testRabbitMQServer
2022-12-13 00:03:48 received request from client with request type: get_lobbies
2022-12-13 00:03:48 received request from client with request type: new_user
2022-12-13 00:03:49 received request from client with request type: new_user
2022-12-13 00:03:49 received request from client with request type: new_user
2022-12-13 00:03:49 received request from client with request type: new_user
2022-12-13 00:28:26 received request from client with request type: get_friends
2022-12-13 00:29:26 received request from client with request type: get_username_from_id
